<?xml version="1.0" encoding="UTF-8"?>
<testsuite name="Test sur la proposition:" tests="7" skipped="0" failures="0" errors="0" timestamp="2024-10-11T07:27:55" hostname="INES" time="0.016">
  <properties/>
  <testcase name="une lettre est incorrecte" classname="org.iut.mastermind.domain.proposition.TestProposition" time="0.001"/>
  <testcase name="toutes les lettres sont placÃ©es" classname="org.iut.mastermind.domain.proposition.TestProposition" time="0.0"/>
  <testcase name="une lettre est incorrecte, non placÃ©e, placÃ©e" classname="org.iut.mastermind.domain.proposition.TestProposition" time="0.001"/>
  <testcase name="vÃ©rifie la taille du rÃ©sultat" classname="org.iut.mastermind.domain.proposition.TestProposition" time="0.007"/>
  <testcase name="une lettre est placÃ©e" classname="org.iut.mastermind.domain.proposition.TestProposition" time="0.001"/>
  <testcase name="une lettre est incorrecte, une non placÃ©e" classname="org.iut.mastermind.domain.proposition.TestProposition" time="0.001"/>
  <testcase name="la proposition n'est pas correcte" classname="org.iut.mastermind.domain.proposition.TestProposition" time="0.001"/>
  <system-out><![CDATA[]]></system-out>
  <system-err><![CDATA[]]></system-err>
</testsuite>
