<?xml version="1.0" encoding="UTF-8"?>
<testsuite name="Test joueur pour:" tests="3" skipped="0" failures="0" errors="0" timestamp="2024-10-11T07:27:53" hostname="INES" time="0.055">
  <properties/>
  <testcase name="des joueurs de noms diffÃ©rents" classname="org.iut.mastermind.domain.partie.TestJoueur" time="0.045"/>
  <testcase name="des joueurs de noms identiques" classname="org.iut.mastermind.domain.partie.TestJoueur" time="0.002"/>
  <testcase name="des joueurs avec un hashcode Ã©gal" classname="org.iut.mastermind.domain.partie.TestJoueur" time="0.003"/>
  <system-out><![CDATA[]]></system-out>
  <system-err><![CDATA[]]></system-err>
</testsuite>
